2023-10-10T13:13:07: 
2023-10-10T13:13:07:    INFO  Server running on [http://127.0.0.1:8000].  
2023-10-10T13:13:07: 
2023-10-10T13:13:07:   Press Ctrl+C to stop the server
2023-10-10T13:13:07: 
2023-10-10T13:13:20: 
2023-10-10T13:13:20:    INFO  Server running on [http://127.0.0.1:8000].  
2023-10-10T13:13:20: 
2023-10-10T13:13:20:   Press Ctrl+C to stop the server
2023-10-10T13:13:20: 
2023-10-10T13:13:35: 
2023-10-10T13:13:35:    INFO  Server running on [http://127.0.0.1:8000].  
2023-10-10T13:13:35: 
2023-10-10T13:13:35:   Press Ctrl+C to stop the server
2023-10-10T13:13:35: 
2023-10-10T13:13:46: 
2023-10-10T13:13:46:    INFO  Server running on [http://127.0.0.1:8000].  
2023-10-10T13:13:46: 
2023-10-10T13:13:46:   Press Ctrl+C to stop the server
2023-10-10T13:13:46: 
2023-10-10T13:14:06: 
2023-10-10T13:14:06:    INFO  Server running on [http://127.0.0.1:8000].  
2023-10-10T13:14:06: 
2023-10-10T13:14:06:   Press Ctrl+C to stop the server
2023-10-10T13:14:06: 
2023-10-10T13:14:08:   2023-10-10 13:14:06
2023-10-10T13:14:08:  ...........................................................................................
2023-10-10T13:14:08:  ~ 2s
2023-10-10T13:14:08:  ~ 0s
2023-10-10T13:14:08:   2023-10-10 13:14:08 ........................................................................................... ~ 0s
2023-10-10T13:14:08:  ~ 0s
2023-10-10T13:14:09:   2023-10-10 13:14:08
2023-10-10T13:14:09:  ...........................................................................................
2023-10-10T13:14:09:  ~ 0s
2023-10-10T13:14:26: 
2023-10-10T13:14:26:    INFO  Server running on [http://127.0.0.1:8000].  
2023-10-10T13:14:26: 
2023-10-10T13:14:26:   Press Ctrl+C to stop the server
2023-10-10T13:14:26: 
2023-10-10T13:14:29:   2023-10-10 13:14:29
2023-10-10T13:14:29:  ...........................................................................................
2023-10-10T13:14:29:  ~ 0s
2023-10-10T13:14:31: 
2023-10-10T13:14:31:    INFO  Server running on [http://127.0.0.1:8000].  
2023-10-10T13:14:31: 
2023-10-10T13:14:31:   Press Ctrl+C to stop the server
2023-10-10T13:14:31: 
2023-10-10T13:14:47: 
2023-10-10T13:14:47:    INFO  Server running on [http://127.0.0.1:8000].  
2023-10-10T13:14:47: 
2023-10-10T13:14:47:   Press Ctrl+C to stop the server
2023-10-10T13:14:47: 
2023-10-10T13:14:53: 
2023-10-10T13:14:53:    INFO  Server running on [http://127.0.0.1:8000].  
2023-10-10T13:14:53: 
2023-10-10T13:14:53:   Press Ctrl+C to stop the server
2023-10-10T13:14:53: 
2023-10-10T13:14:58: 
2023-10-10T13:14:58:    INFO  Server running on [http://127.0.0.1:8000].  
2023-10-10T13:14:58: 
2023-10-10T13:14:58:   Press Ctrl+C to stop the server
2023-10-10T13:14:58: 
2023-10-10T13:15:06:   2023-10-10 13:15:03
2023-10-10T13:15:06:  ...........................................................................................
2023-10-10T13:15:06:  ~ 2s
2023-10-10T13:15:06:   2023-10-10 13:15:03
2023-10-10T13:15:06:  /favicon.ico ..............................................................................
2023-10-10T13:15:06:  ~ 3s
2023-10-10T13:15:11: 
2023-10-10T13:15:11:    INFO  Server running on [http://127.0.0.1:8000].  
2023-10-10T13:15:11: 
2023-10-10T13:15:11:   Press Ctrl+C to stop the server
2023-10-10T13:15:11: 
2023-10-10T13:15:13:    WARN  ^C.  
2023-10-10T13:15:13: 
